[2025-09-12 11:20:56,213] DEBUG app: Logger initialized (logfile=app.log level=INFO)
[2025-09-12 11:20:56,213] INFO app: === Application start ===
[2025-09-12 11:20:56,821] INFO app: [Progress] [DF0b] 更新 rows=3
[2025-09-12 11:20:56,846] INFO app: [DF]             0    1    2    3     4     5     6   ...     53     54     55     56     57    58   59
0  DF_JB1B_001  Li6  Be9  B10  Na23  Mg24  Al27  ...  Pb206  Pb207  Pb208  Bi209  Th232  U238  248
1   DF_JB2_001  Li6  Be9  B10  Na23  Mg24  Al27  ...  Pb206  Pb207  Pb208  Bi209  Th232  U238  248
2   DF_JP1_001  Li6  Be9  B10  Na23  Mg24  Al27  ...  Pb206  Pb207  Pb208  Bi209  Th232  U238  248

[3 rows x 60 columns]
[2025-09-12 11:20:56,852] INFO app: [DF] [DF0c] columns=['Li6', 'Be9', 'B10', 'Na23', 'Mg24', 'Al27', 'Si29', 'P31', 'K39', 'Ca44', 'Sc45', 'Ti47', 'V51', 'Cr53', 'Mn55', 'Fe57', 'Co59', 'Ni60', 'Cu63', 'Zn66', 'Ga69', 'Ge72', 'As75', 'Rb85', 'Sr88', 'Y89', 'Zr90', 'Nb93', 'Mo95', 'Sn118', 'Sb121', 'Cs133', 'Ba137', 'La139', 'Ce140', 'Pr141', 'Nd146', 'Sm147', 'Eu151', 'Gd157', 'Tb159', 'Dy163', 'Ho165', 'Er166', 'Tm169', 'Yb172', 'Lu175', 'Hf178', 'Ta181', 'W182', 'Pb204', 'Tl205', 'Pb206', 'Pb207', 'Pb208', 'Bi209', 'Th232', 'U238', '248'] shape=(1, 59)
[2025-09-12 11:20:56,872] INFO app: [DF]    Li6  Be9  B10  Na23  Mg24  Al27  Si29  P31  ...  Tl205  Pb206  Pb207  Pb208  Bi209  Th232  U238  248
0  Li6  Be9  B10  Na23  Mg24  Al27  Si29  P31  ...  Tl205  Pb206  Pb207  Pb208  Bi209  Th232  U238  248

[1 rows x 59 columns]
[2025-09-12 11:20:56,873] INFO app: [Progress] [Calc_TRA] DF0b/DF0c updated
[2025-09-12 11:20:56,874] INFO app: [FileList] リスト更新 count=3 (表示=サンプル名)
[2025-09-12 11:20:56,875] INFO app: [Progress] [Calc_TRA] DF1 updated for 3 keys
[2025-09-12 11:20:56,911] INFO app: [FileList] リスト更新 count=3 (表示=サンプル名)
[2025-09-12 11:20:56,925] INFO app: [Progress] [Calc_TRA] DF2 updated for 3 keys
[2025-09-12 11:20:57,124] INFO app: [Progress] [Calc_TRA] DF3 updated for 3 keys (ISTD=tInt)
[2025-09-12 11:21:03,703] INFO app: === Application exit ===
[DIAG _apply_proc_zoom] proc_zoom=1.0 display_scale=1.0 virt_size=(1680, 1360) img_base_size=(1280, 960) _display_offset=(200, 200)
[DIAG _on_patch_ready] req=1 left_label=0 top_label=0 phys_img=(1280, 960) logical_img=(1280, 960) ds=(1.0, 1.0, 1.0) patch_shape=(478, 638, 3)
[DIAG _on_patch_ready] draw_pos_pm=(0, 0) phys_tgt=(1180, 489)
[DIAG _apply_proc_zoom] proc_zoom=1.1 display_scale=1.1 virt_size=(1808, 1456) img_base_size=(1280, 960) _display_offset=(200, 200)
[DIAG _apply_proc_zoom] proc_zoom=1.2100000000000002 display_scale=1.2100000000000002 virt_size=(1949, 1562) img_base_size=(1280, 960) _display_offset=(200, 200)
[DIAG _apply_proc_zoom] proc_zoom=1.3310000000000004 display_scale=1.3310000000000004 virt_size=(2104, 1678) img_base_size=(1280, 960) _display_offset=(200, 200)
[DIAG _apply_proc_zoom] proc_zoom=1.4641000000000006 display_scale=1.4641000000000006 virt_size=(2274, 1806) img_base_size=(1280, 960) _display_offset=(200, 200)
[DIAG _apply_proc_zoom] proc_zoom=1.6105100000000008 display_scale=1.6105100000000008 virt_size=(2461, 1946) img_base_size=(1280, 960) _display_offset=(200, 200)
[DIAG _apply_proc_zoom] proc_zoom=1.771561000000001 display_scale=1.771561000000001 virt_size=(2668, 2101) img_base_size=(1280, 960) _display_offset=(200, 200)
[DIAG _apply_proc_zoom] proc_zoom=1.9487171000000014 display_scale=1.9487171000000014 virt_size=(2894, 2271) img_base_size=(1280, 960) _display_offset=(200, 200)
[DIAG _apply_proc_zoom] proc_zoom=2.1435888100000016 display_scale=2.1435888100000016 virt_size=(3144, 2458) img_base_size=(1280, 960) _display_offset=(200, 200)
[DIAG _apply_proc_zoom] proc_zoom=2.357947691000002 display_scale=2.357947691000002 virt_size=(3418, 2664) img_base_size=(1280, 960) _display_offset=(200, 200)
[DIAG _apply_proc_zoom] proc_zoom=2.5937424601000023 display_scale=2.5937424601000023 virt_size=(3720, 2890) img_base_size=(1280, 960) _display_offset=(200, 200)
[DIAG _on_patch_ready] req=11 left_label=951 top_label=1069 phys_img=(3320, 2490) logical_img=(3320, 2490) ds=(1.0, 1.0, 1.0) patch_shape=(472, 1163, 3)
[DIAG _on_patch_ready] draw_pos_pm=(951, 1069) phys_tgt=(1163, 472)
[DIAG _apply_proc_zoom] proc_zoom=2.853116706110003 display_scale=2.853116706110003 virt_size=(4052, 3139) img_base_size=(1280, 960) _display_offset=(200, 200)
[DIAG _apply_proc_zoom] proc_zoom=3.1384283767210035 display_scale=3.1384283767210035 virt_size=(4417, 3413) img_base_size=(1280, 960) _display_offset=(200, 200)
[DIAG _apply_proc_zoom] proc_zoom=4.393799727409404 display_scale=4.393799727409404 virt_size=(6024, 4618) img_base_size=(1280, 960) _display_offset=(238, 238)
[DIAG _apply_proc_zoom] proc_zoom=6.151319618373166 display_scale=6.151319618373166 virt_size=(8274, 6305) img_base_size=(1280, 960) _display_offset=(333, 333)
[DIAG _apply_proc_zoom] proc_zoom=6.766451580210483 display_scale=6.766451580210483 virt_size=(9061, 6896) img_base_size=(1280, 960) _display_offset=(366, 366)
[DIAG _apply_proc_zoom] proc_zoom=7.4430967382315325 display_scale=7.4430967382315325 virt_size=(9927, 7545) img_base_size=(1280, 960) _display_offset=(403, 403)
[DIAG _on_patch_ready] req=17 left_label=3171 top_label=3039 phys_img=(4730, 3547) logical_img=(9527, 7145) ds=(0.4964836779678808, 0.4964310706787964, 0.4964573743233386) patch_shape=(472, 1163, 3)
[DIAG _on_patch_ready] draw_pos_pm=(1574, 1509) phys_tgt=(577, 234)
[DIAG _apply_proc_zoom] proc_zoom=8.187406412054687 display_scale=8.187406412054687 virt_size=(10880, 8260) img_base_size=(1280, 960) _display_offset=(443, 443)
[DIAG _apply_proc_zoom] proc_zoom=9.006147053260156 display_scale=9.006147053260156 virt_size=(11928, 9046) img_base_size=(1280, 960) _display_offset=(487, 487)
[DIAG _apply_proc_zoom] proc_zoom=10.807376463912187 display_scale=10.807376463912187 virt_size=(14233, 10775) img_base_size=(1280, 960) _display_offset=(585, 585)
[DIAG _apply_proc_zoom] proc_zoom=12.968851756694624 display_scale=12.968851756694624 virt_size=(17000, 12850) img_base_size=(1280, 960) _display_offset=(702, 702)
[DIAG _apply_proc_zoom] proc_zoom=16.859507283703014 display_scale=16.859507283703014 virt_size=(21980, 16585) img_base_size=(1280, 960) _display_offset=(912, 912)
[DIAG _apply_proc_zoom] proc_zoom=21.91735946881392 display_scale=21.91735946881392 virt_size=(28454, 21441) img_base_size=(1280, 960) _display_offset=(1186, 1186)
[DIAG _on_patch_ready] req=23 left_label=8153 top_label=7617 phys_img=(4730, 3547) logical_img=(28054, 21041) ds=(0.16860340771369503, 0.1685756380400171, 0.16858952287685608) patch_shape=(472, 1163, 3)
[DIAG _on_patch_ready] draw_pos_pm=(1375, 1284) phys_tgt=(196, 80)
[DIAG _apply_proc_zoom] proc_zoom=19.72562352193253 display_scale=19.72562352193253 virt_size=(25649, 19337) img_base_size=(1280, 960) _display_offset=(1068, 1068)
[DIAG _apply_proc_zoom] proc_zoom=17.753061169739276 display_scale=17.753061169739276 virt_size=(23124, 17443) img_base_size=(1280, 960) _display_offset=(961, 961)
[DIAG _apply_proc_zoom] proc_zoom=14.202448935791422 display_scale=14.202448935791422 virt_size=(18579, 14034) img_base_size=(1280, 960) _display_offset=(769, 769)
[DIAG _apply_proc_zoom] proc_zoom=11.361959148633138 display_scale=11.361959148633138 virt_size=(14943, 11307) img_base_size=(1280, 960) _display_offset=(615, 615)
[DIAG _apply_proc_zoom] proc_zoom=9.08956731890651 display_scale=9.08956731890651 virt_size=(12035, 9126) img_base_size=(1280, 960) _display_offset=(492, 492)
[DIAG _apply_proc_zoom] proc_zoom=7.271653855125209 display_scale=7.271653855125209 virt_size=(9708, 7381) img_base_size=(1280, 960) _display_offset=(394, 394)
[DIAG _on_patch_ready] req=29 left_label=3633 top_label=3457 phys_img=(4730, 3547) logical_img=(9308, 6981) ds=(0.5081650193382037, 0.5080933963615528, 0.5081292078498783) patch_shape=(472, 1163, 3)
[DIAG _on_patch_ready] draw_pos_pm=(1846, 1756) phys_tgt=(591, 240)
[DIAG _apply_proc_zoom] proc_zoom=6.544488469612688 display_scale=6.544488469612688 virt_size=(8777, 6683) img_base_size=(1280, 960) _display_offset=(354, 354)
[DIAG _apply_proc_zoom] proc_zoom=5.890039622651419 display_scale=5.890039622651419 virt_size=(7939, 6054) img_base_size=(1280, 960) _display_offset=(319, 319)
[DIAG _apply_proc_zoom] proc_zoom=4.712031698121136 display_scale=4.712031698121136 virt_size=(6431, 4924) img_base_size=(1280, 960) _display_offset=(255, 255)
[DIAG _apply_proc_zoom] proc_zoom=3.7696253584969086 display_scale=3.7696253584969086 virt_size=(5225, 4019) img_base_size=(1280, 960) _display_offset=(204, 204)
[DIAG _on_patch_ready] req=33 left_label=1528 top_label=1518 phys_img=(4730, 3547) logical_img=(4825, 3619) ds=(0.9803108808290155, 0.9801050013815972, 0.9802079411053064) patch_shape=(472, 1163, 3)
[DIAG _on_patch_ready] draw_pos_pm=(1498, 1488) phys_tgt=(1140, 463)
[DIAG _apply_proc_zoom] proc_zoom=3.015700286797527 display_scale=3.015700286797527 virt_size=(4260, 3295) img_base_size=(1280, 960) _display_offset=(200, 200)
[DIAG _apply_proc_zoom] proc_zoom=2.4125602294380215 display_scale=2.4125602294380215 virt_size=(3488, 2716) img_base_size=(1280, 960) _display_offset=(200, 200)
[DIAG _on_patch_ready] req=35 left_label=787 top_label=838 phys_img=(3088, 2316) logical_img=(3088, 2316) ds=(1.0, 1.0, 1.0) patch_shape=(472, 1163, 3)
[DIAG _on_patch_ready] draw_pos_pm=(787, 838) phys_tgt=(1163, 472)
[DIAG _apply_proc_zoom] proc_zoom=2.1713042064942196 display_scale=2.1713042064942196 virt_size=(3179, 2484) img_base_size=(1280, 960) _display_offset=(200, 200)
[DIAG _apply_proc_zoom] proc_zoom=1.9541737858447976 display_scale=1.9541737858447976 virt_size=(2901, 2276) img_base_size=(1280, 960) _display_offset=(200, 200)
[DIAG _apply_proc_zoom] proc_zoom=1.758756407260318 display_scale=1.758756407260318 virt_size=(2651, 2088) img_base_size=(1280, 960) _display_offset=(200, 200)
[DIAG _apply_proc_zoom] proc_zoom=1.582880766534286 display_scale=1.582880766534286 virt_size=(2426, 1920) img_base_size=(1280, 960) _display_offset=(200, 200)
[DIAG _apply_proc_zoom] proc_zoom=1.4245926898808576 display_scale=1.4245926898808576 virt_size=(2223, 1768) img_base_size=(1280, 960) _display_offset=(200, 200)
[DIAG _apply_proc_zoom] proc_zoom=1.282133420892772 display_scale=1.282133420892772 virt_size=(2041, 1631) img_base_size=(1280, 960) _display_offset=(200, 200)
[DIAG _apply_proc_zoom] proc_zoom=1.1539200788034947 display_scale=1.1539200788034947 virt_size=(1877, 1508) img_base_size=(1280, 960) _display_offset=(200, 200)
[DIAG _apply_proc_zoom] proc_zoom=1.0385280709231453 display_scale=1.0385280709231453 virt_size=(1729, 1397) img_base_size=(1280, 960) _display_offset=(200, 200)
[DIAG _on_patch_ready] req=43 left_label=74 top_label=245 phys_img=(1329, 997) logical_img=(1329, 997) ds=(1.0, 1.0, 1.0) patch_shape=(472, 1163, 3)
[DIAG _on_patch_ready] draw_pos_pm=(74, 245) phys_tgt=(1163, 472)
[DIAG _apply_proc_zoom] proc_zoom=1.1423808780154598 display_scale=1.1423808780154598 virt_size=(1862, 1497) img_base_size=(1280, 960) _display_offset=(200, 200)
[DIAG _apply_proc_zoom] proc_zoom=1.256618965817006 display_scale=1.256618965817006 virt_size=(2008, 1606) img_base_size=(1280, 960) _display_offset=(200, 200)
[DIAG _on_patch_ready] req=45 left_label=664 top_label=294 phys_img=(1608, 1206) logical_img=(1608, 1206) ds=(1.0, 1.0, 1.0) patch_shape=(472, 1163, 3)
[DIAG _on_patch_ready] draw_pos_pm=(664, 294) phys_tgt=(1163, 472)
[DIAG _apply_proc_zoom] proc_zoom=1.3822808623987066 display_scale=1.3822808623987066 virt_size=(2169, 1727) img_base_size=(1280, 960) _display_offset=(200, 200)
[DIAG _apply_proc_zoom] proc_zoom=1.5205089486385774 display_scale=1.5205089486385774 virt_size=(2346, 1860) img_base_size=(1280, 960) _display_offset=(200, 200)
[DIAG _on_patch_ready] req=47 left_label=879 top_label=371 phys_img=(1946, 1460) logical_img=(1946, 1460) ds=(1.0, 1.0, 1.0) patch_shape=(472, 1163, 3)
[DIAG _on_patch_ready] draw_pos_pm=(879, 371) phys_tgt=(1163, 472)
[DIAG _apply_proc_zoom] proc_zoom=1.6725598435024354 display_scale=1.6725598435024354 virt_size=(2541, 2006) img_base_size=(1280, 960) _display_offset=(200, 200)
[DIAG _apply_proc_zoom] proc_zoom=1.839815827852679 display_scale=1.839815827852679 virt_size=(2755, 2166) img_base_size=(1280, 960) _display_offset=(200, 200)
[DIAG _on_patch_ready] req=49 left_label=1137 top_label=464 phys_img=(2355, 1766) logical_img=(2355, 1766) ds=(1.0, 1.0, 1.0) patch_shape=(472, 1163, 3)
[DIAG _on_patch_ready] draw_pos_pm=(1137, 464) phys_tgt=(1163, 472)
[DIAG _apply_proc_zoom] proc_zoom=2.0237974106379473 display_scale=2.0237974106379473 virt_size=(2990, 2343) img_base_size=(1280, 960) _display_offset=(200, 200)
[DIAG _apply_proc_zoom] proc_zoom=2.226177151701742 display_scale=2.226177151701742 virt_size=(3250, 2537) img_base_size=(1280, 960) _display_offset=(200, 200)
[DIAG _on_patch_ready] req=51 left_label=1447 top_label=576 phys_img=(2850, 2137) logical_img=(2850, 2137) ds=(1.0, 1.0, 1.0) patch_shape=(472, 1163, 3)
[DIAG _on_patch_ready] draw_pos_pm=(1447, 576) phys_tgt=(1163, 472)
[DIAG _apply_proc_zoom] proc_zoom=2.4487948668719164 display_scale=2.4487948668719164 virt_size=(3534, 2751) img_base_size=(1280, 960) _display_offset=(200, 200)
[DIAG _apply_proc_zoom] proc_zoom=2.6936743535591083 display_scale=2.6936743535591083 virt_size=(3848, 2986) img_base_size=(1280, 960) _display_offset=(200, 200)
[DIAG _on_patch_ready] req=53 left_label=1818 top_label=710 phys_img=(3448, 2586) logical_img=(3448, 2586) ds=(1.0, 1.0, 1.0) patch_shape=(472, 1163, 3)
[DIAG _on_patch_ready] draw_pos_pm=(1818, 710) phys_tgt=(1163, 472)
[DIAG _apply_proc_zoom] proc_zoom=2.9630417889150196 display_scale=2.9630417889150196 virt_size=(4193, 3245) img_base_size=(1280, 960) _display_offset=(200, 200)
[DIAG _apply_proc_zoom] proc_zoom=3.2593459678065217 display_scale=3.2593459678065217 virt_size=(4572, 3529) img_base_size=(1280, 960) _display_offset=(200, 200)
[DIAG _apply_proc_zoom] proc_zoom=3.5852805645871744 display_scale=3.5852805645871744 virt_size=(4989, 3842) img_base_size=(1280, 960) _display_offset=(200, 200)
[DIAG _apply_proc_zoom] proc_zoom=3.9438086210458922 display_scale=3.9438086210458922 virt_size=(5448, 4186) img_base_size=(1280, 960) _display_offset=(213, 213)
[DIAG _on_patch_ready] req=57 left_label=2798 top_label=1064 phys_img=(4730, 3547) logical_img=(5048, 3786) ds=(0.9370047543581617, 0.9368726888536715, 0.9369387216059166) patch_shape=(472, 1163, 3)
[DIAG _on_patch_ready] draw_pos_pm=(2622, 997) phys_tgt=(1090, 442)
[DIAG _apply_proc_zoom] proc_zoom=4.338189483150482 display_scale=4.338189483150482 virt_size=(5953, 4565) img_base_size=(1280, 960) _display_offset=(235, 235)
[DIAG _apply_proc_zoom] proc_zoom=4.77200843146553 display_scale=4.77200843146553 virt_size=(6508, 4981) img_base_size=(1280, 960) _display_offset=(258, 258)
[DIAG _apply_proc_zoom] proc_zoom=5.249209274612084 display_scale=5.249209274612084 virt_size=(7119, 5439) img_base_size=(1280, 960) _display_offset=(284, 284)
[DIAG _apply_proc_zoom] proc_zoom=5.774130202073293 display_scale=5.774130202073293 virt_size=(7791, 5943) img_base_size=(1280, 960) _display_offset=(313, 313)
[DIAG _on_patch_ready] req=61 left_label=4292 top_label=1654 phys_img=(4730, 3547) logical_img=(7391, 5543) ds=(0.6399675280746854, 0.6399061879848458, 0.6399368580297655) patch_shape=(472, 1163, 3)
[DIAG _on_patch_ready] draw_pos_pm=(2746, 1058) phys_tgt=(744, 302)
[DIAG _apply_proc_zoom] proc_zoom=6.351543222280623 display_scale=6.351543222280623 virt_size=(8530, 6497) img_base_size=(1280, 960) _display_offset=(344, 344)
[DIAG _apply_proc_zoom] proc_zoom=6.986697544508686 display_scale=6.986697544508686 virt_size=(9343, 7107) img_base_size=(1280, 960) _display_offset=(378, 378)
[DIAG _apply_proc_zoom] proc_zoom=7.685367298959555 display_scale=7.685367298959555 virt_size=(10237, 7778) img_base_size=(1280, 960) _display_offset=(416, 416)
[DIAG _apply_proc_zoom] proc_zoom=8.453904028855511 display_scale=8.453904028855511 virt_size=(11221, 8516) img_base_size=(1280, 960) _display_offset=(458, 458)
[DIAG _on_patch_ready] req=65 left_label=6448 top_label=2511 phys_img=(4730, 3547) logical_img=(10821, 8116) ds=(0.4371130209777285, 0.4370379497289305, 0.4370754853533295) patch_shape=(472, 1163, 3)
[DIAG _on_patch_ready] draw_pos_pm=(2818, 1097) phys_tgt=(508, 206)
[DIAG _apply_proc_zoom] proc_zoom=1.0 display_scale=1.0 virt_size=(1680, 1360) img_base_size=(1280, 960) _display_offset=(200, 200)
[DIAG _on_patch_ready] req=1 left_label=0 top_label=0 phys_img=(1280, 960) logical_img=(1280, 960) ds=(1.0, 1.0, 1.0) patch_shape=(478, 638, 3)
[DIAG _on_patch_ready] draw_pos_pm=(0, 0) phys_tgt=(1180, 489)
[DIAG _apply_proc_zoom] proc_zoom=1.1 display_scale=1.1 virt_size=(1808, 1456) img_base_size=(1280, 960) _display_offset=(200, 200)
[DIAG _apply_proc_zoom] proc_zoom=1.2100000000000002 display_scale=1.2100000000000002 virt_size=(1949, 1562) img_base_size=(1280, 960) _display_offset=(200, 200)
[DIAG _on_patch_ready] req=3 left_label=206 top_label=216 phys_img=(1549, 1162) logical_img=(1549, 1162) ds=(1.0, 1.0, 1.0) patch_shape=(472, 1163, 3)
[DIAG _on_patch_ready] draw_pos_pm=(206, 216) phys_tgt=(1163, 472)
[DIAG _apply_proc_zoom] proc_zoom=1.3310000000000004 display_scale=1.3310000000000004 virt_size=(2104, 1678) img_base_size=(1280, 960) _display_offset=(200, 200)
[DIAG _apply_proc_zoom] proc_zoom=1.4641000000000006 display_scale=1.4641000000000006 virt_size=(2274, 1806) img_base_size=(1280, 960) _display_offset=(200, 200)
[DIAG _on_patch_ready] req=5 left_label=391 top_label=264 phys_img=(1874, 1406) logical_img=(1874, 1406) ds=(1.0, 1.0, 1.0) patch_shape=(472, 1163, 3)
[DIAG _on_patch_ready] draw_pos_pm=(391, 264) phys_tgt=(1163, 472)
[DIAG _apply_proc_zoom] proc_zoom=1.6105100000000008 display_scale=1.6105100000000008 virt_size=(2461, 1946) img_base_size=(1280, 960) _display_offset=(200, 200)
[DIAG _apply_proc_zoom] proc_zoom=1.771561000000001 display_scale=1.771561000000001 virt_size=(2668, 2101) img_base_size=(1280, 960) _display_offset=(200, 200)
[DIAG _on_patch_ready] req=7 left_label=613 top_label=321 phys_img=(2268, 1701) logical_img=(2268, 1701) ds=(1.0, 1.0, 1.0) patch_shape=(472, 1163, 3)
[DIAG _on_patch_ready] draw_pos_pm=(613, 321) phys_tgt=(1163, 472)
[DIAG _apply_proc_zoom] proc_zoom=1.9487171000000014 display_scale=1.9487171000000014 virt_size=(2894, 2271) img_base_size=(1280, 960) _display_offset=(200, 200)
[DIAG _apply_proc_zoom] proc_zoom=2.1435888100000016 display_scale=2.1435888100000016 virt_size=(3144, 2458) img_base_size=(1280, 960) _display_offset=(200, 200)
[DIAG _on_patch_ready] req=9 left_label=880 top_label=389 phys_img=(2744, 2058) logical_img=(2744, 2058) ds=(1.0, 1.0, 1.0) patch_shape=(472, 1163, 3)
[DIAG _on_patch_ready] draw_pos_pm=(880, 389) phys_tgt=(1163, 472)
[DIAG _apply_proc_zoom] proc_zoom=2.357947691000002 display_scale=2.357947691000002 virt_size=(3418, 2664) img_base_size=(1280, 960) _display_offset=(200, 200)
[DIAG _apply_proc_zoom] proc_zoom=2.5937424601000023 display_scale=2.5937424601000023 virt_size=(3720, 2890) img_base_size=(1280, 960) _display_offset=(200, 200)
[DIAG _on_patch_ready] req=11 left_label=1201 top_label=471 phys_img=(3320, 2490) logical_img=(3320, 2490) ds=(1.0, 1.0, 1.0) patch_shape=(472, 1163, 3)
[DIAG _on_patch_ready] draw_pos_pm=(1201, 471) phys_tgt=(1163, 472)
[DIAG _apply_proc_zoom] proc_zoom=2.853116706110003 display_scale=2.853116706110003 virt_size=(4052, 3139) img_base_size=(1280, 960) _display_offset=(200, 200)
[DIAG _apply_proc_zoom] proc_zoom=3.1384283767210035 display_scale=3.1384283767210035 virt_size=(4417, 3413) img_base_size=(1280, 960) _display_offset=(200, 200)
[DIAG _apply_proc_zoom] proc_zoom=3.4522712143931042 display_scale=3.4522712143931042 virt_size=(4819, 3714) img_base_size=(1280, 960) _display_offset=(200, 200)
[DIAG _apply_proc_zoom] proc_zoom=3.797498335832415 display_scale=3.797498335832415 virt_size=(5261, 4046) img_base_size=(1280, 960) _display_offset=(206, 206)
[DIAG _apply_proc_zoom] proc_zoom=4.556998002998897 display_scale=4.556998002998897 virt_size=(6233, 4775) img_base_size=(1280, 960) _display_offset=(247, 247)
[DIAG _apply_proc_zoom] proc_zoom=5.468397603598676 display_scale=5.468397603598676 virt_size=(7400, 5650) img_base_size=(1280, 960) _display_offset=(296, 296)
[DIAG _on_patch_ready] req=17 left_label=2951 top_label=956 phys_img=(4730, 3547) logical_img=(7000, 5250) ds=(0.6757142857142857, 0.6756190476190476, 0.6756666666666666) patch_shape=(472, 1163, 3)
[DIAG _on_patch_ready] draw_pos_pm=(1994, 646) phys_tgt=(786, 319)
[DIAG _apply_proc_zoom] proc_zoom=6.015237363958544 display_scale=6.015237363958544 virt_size=(8100, 6175) img_base_size=(1280, 960) _display_offset=(326, 326)
[DIAG _apply_proc_zoom] proc_zoom=6.616761100354399 display_scale=6.616761100354399 virt_size=(8869, 6752) img_base_size=(1280, 960) _display_offset=(358, 358)
[DIAG _apply_proc_zoom] proc_zoom=7.9401133204252785 display_scale=7.9401133204252785 virt_size=(10563, 8023) img_base_size=(1280, 960) _display_offset=(430, 430)
[DIAG _apply_proc_zoom] proc_zoom=9.528135984510334 display_scale=9.528135984510334 virt_size=(12596, 9547) img_base_size=(1280, 960) _display_offset=(516, 516)
[DIAG _on_patch_ready] req=21 left_label=4748 top_label=2331 phys_img=(4730, 3547) logical_img=(12196, 9147) ds=(0.3878320760905215, 0.38777741335957144, 0.38780474472504645) patch_shape=(472, 1163, 3)
[DIAG _on_patch_ready] draw_pos_pm=(1841, 904) phys_tgt=(451, 183)
[DIAG _apply_proc_zoom] proc_zoom=10.480949582961367 display_scale=10.480949582961367 virt_size=(13816, 10462) img_base_size=(1280, 960) _display_offset=(567, 567)
[DIAG _apply_proc_zoom] proc_zoom=11.529044541257505 display_scale=11.529044541257505 virt_size=(15157, 11468) img_base_size=(1280, 960) _display_offset=(624, 624)
[DIAG _on_patch_ready] req=23 left_label=6320 top_label=3058 phys_img=(4730, 3547) logical_img=(14757, 11068) ds=(0.3205258521379684, 0.320473436935309, 0.3204996445366387) patch_shape=(472, 1163, 3)
[DIAG _on_patch_ready] draw_pos_pm=(2026, 980) phys_tgt=(373, 151)
[DIAG _apply_proc_zoom] proc_zoom=10.376140087131756 display_scale=10.376140087131756 virt_size=(13681, 10361) img_base_size=(1280, 960) _display_offset=(562, 562)
[DIAG _apply_proc_zoom] proc_zoom=9.33852607841858 display_scale=9.33852607841858 virt_size=(12353, 9365) img_base_size=(1280, 960) _display_offset=(505, 505)
[DIAG _apply_proc_zoom] proc_zoom=5.603115647051148 display_scale=5.603115647051148 virt_size=(7572, 5779) img_base_size=(1280, 960) _display_offset=(303, 303)
[DIAG _apply_proc_zoom] proc_zoom=3.3618693882306885 display_scale=3.3618693882306885 virt_size=(4703, 3627) img_base_size=(1280, 960) _display_offset=(200, 200)
[DIAG _on_patch_ready] req=27 left_label=2907 top_label=1467 phys_img=(4303, 3227) logical_img=(4303, 3227) ds=(1.0, 1.0, 1.0) patch_shape=(472, 1163, 3)
[DIAG _on_patch_ready] draw_pos_pm=(2907, 1467) phys_tgt=(1163, 472)
[DIAG _apply_proc_zoom] proc_zoom=3.0256824494076198 display_scale=3.0256824494076198 virt_size=(4273, 3305) img_base_size=(1280, 960) _display_offset=(200, 200)
[DIAG _apply_proc_zoom] proc_zoom=2.723114204466858 display_scale=2.723114204466858 virt_size=(3886, 3014) img_base_size=(1280, 960) _display_offset=(200, 200)
[DIAG _apply_proc_zoom] proc_zoom=1.6338685226801146 display_scale=1.6338685226801146 virt_size=(2491, 1969) img_base_size=(1280, 960) _display_offset=(200, 200)
[DIAG _apply_proc_zoom] proc_zoom=0.9803211136080687 display_scale=0.9803211136080687 virt_size=(1655, 1341) img_base_size=(1280, 960) _display_offset=(200, 200)
[DIAG _apply_proc_zoom] proc_zoom=0.8822890022472619 display_scale=0.8822890022472619 virt_size=(1529, 1247) img_base_size=(1280, 960) _display_offset=(200, 200)
[DIAG _apply_proc_zoom] proc_zoom=0.7940601020225357 display_scale=0.7940601020225357 virt_size=(1416, 1162) img_base_size=(1280, 960) _display_offset=(200, 200)
[DIAG _apply_proc_zoom] proc_zoom=0.7146540918202822 display_scale=0.7146540918202822 virt_size=(1315, 1086) img_base_size=(1280, 960) _display_offset=(200, 200)
[DIAG _apply_proc_zoom] proc_zoom=0.643188682638254 display_scale=0.643188682638254 virt_size=(1223, 1017) img_base_size=(1280, 960) _display_offset=(200, 200)
[DIAG _on_patch_ready] req=35 left_label=0 top_label=0 phys_img=(823, 617) logical_img=(823, 617) ds=(1.0, 1.0, 1.0) patch_shape=(472, 1163, 3)
[DIAG _on_patch_ready] draw_pos_pm=(0, 0) phys_tgt=(1163, 472)
[DIAG _apply_proc_zoom] proc_zoom=0.5788698143744286 display_scale=0.5788698143744286 virt_size=(1141, 956) img_base_size=(1280, 960) _display_offset=(200, 200)
[DIAG _apply_proc_zoom] proc_zoom=0.5209828329369858 display_scale=0.5209828329369858 virt_size=(1067, 900) img_base_size=(1280, 960) _display_offset=(200, 200)
[DIAG _apply_proc_zoom] proc_zoom=0.4688845496432872 display_scale=0.4688845496432872 virt_size=(1000, 850) img_base_size=(1280, 960) _display_offset=(200, 200)
[DIAG _apply_proc_zoom] proc_zoom=0.4219960946789585 display_scale=0.4219960946789585 virt_size=(940, 805) img_base_size=(1280, 960) _display_offset=(200, 200)
[DIAG _on_patch_ready] req=39 left_label=0 top_label=0 phys_img=(540, 405) logical_img=(540, 405) ds=(1.0, 1.0, 1.0) patch_shape=(489, 1163, 3)
[DIAG _on_patch_ready] draw_pos_pm=(0, 0) phys_tgt=(1163, 489)
[DIAG _apply_proc_zoom] proc_zoom=0.37979648521106263 display_scale=0.37979648521106263 virt_size=(886, 765) img_base_size=(1280, 960) _display_offset=(200, 200)
[DIAG _apply_proc_zoom] proc_zoom=0.3418168366899564 display_scale=0.3418168366899564 virt_size=(838, 728) img_base_size=(1280, 960) _display_offset=(200, 200)
[DIAG _apply_proc_zoom] proc_zoom=0.3076351530209607 display_scale=0.3076351530209607 virt_size=(794, 695) img_base_size=(1280, 960) _display_offset=(200, 200)
[DIAG _apply_proc_zoom] proc_zoom=0.27687163771886464 display_scale=0.27687163771886464 virt_size=(754, 666) img_base_size=(1280, 960) _display_offset=(200, 200)
[DIAG _on_patch_ready] req=43 left_label=0 top_label=0 phys_img=(354, 266) logical_img=(354, 266) ds=(1.0, 1.0, 1.0) patch_shape=(489, 1163, 3)
[DIAG _on_patch_ready] draw_pos_pm=(0, 0) phys_tgt=(1163, 489)
[DIAG _apply_proc_zoom] proc_zoom=0.24918447394697818 display_scale=0.24918447394697818 virt_size=(719, 639) img_base_size=(1280, 960) _display_offset=(200, 200)
[DIAG _apply_proc_zoom] proc_zoom=0.22426602655228037 display_scale=0.22426602655228037 virt_size=(687, 615) img_base_size=(1280, 960) _display_offset=(200, 200)
[DIAG _on_patch_ready] req=45 left_label=0 top_label=0 phys_img=(287, 215) logical_img=(287, 215) ds=(1.0, 1.0, 1.0) patch_shape=(489, 1163, 3)
[DIAG _on_patch_ready] draw_pos_pm=(0, 0) phys_tgt=(1163, 489)
[DIAG _apply_proc_zoom] proc_zoom=0.20183942389705234 display_scale=0.20183942389705234 virt_size=(658, 594) img_base_size=(1280, 960) _display_offset=(200, 200)
[DIAG _apply_proc_zoom] proc_zoom=0.18165548150734712 display_scale=0.18165548150734712 virt_size=(633, 574) img_base_size=(1280, 960) _display_offset=(200, 200)
[DIAG _on_patch_ready] req=47 left_label=0 top_label=0 phys_img=(233, 174) logical_img=(233, 174) ds=(1.0, 1.0, 1.0) patch_shape=(489, 1163, 3)
[DIAG _on_patch_ready] draw_pos_pm=(0, 0) phys_tgt=(1163, 489)
[DIAG _apply_proc_zoom] proc_zoom=1.0 display_scale=1.0 virt_size=(1680, 1360) img_base_size=(1280, 960) _display_offset=(200, 200)
[DIAG _on_patch_ready] req=1 left_label=0 top_label=0 phys_img=(1280, 960) logical_img=(1280, 960) ds=(1.0, 1.0, 1.0) patch_shape=(478, 638, 3)
[DIAG _on_patch_ready] draw_pos_pm=(0, 0) phys_tgt=(1163, 472)
[DIAG _apply_proc_zoom] proc_zoom=1.0 display_scale=1.0 virt_size=(1680, 1360) img_base_size=(1280, 960) _display_offset=(200, 200)
[DIAG _on_patch_ready] req=1 left_label=0 top_label=0 phys_img=(1280, 960) logical_img=(1280, 960) ds=(1.0, 1.0, 1.0) patch_shape=(478, 638, 3)
[DIAG _on_patch_ready] draw_pos_pm=(0, 0) phys_tgt=(1180, 489)
[DIAG _apply_proc_zoom] proc_zoom=1.1 display_scale=1.1 virt_size=(1808, 1456) img_base_size=(1280, 960) _display_offset=(200, 200)
[DIAG _apply_proc_zoom] proc_zoom=1.2100000000000002 display_scale=1.2100000000000002 virt_size=(1949, 1562) img_base_size=(1280, 960) _display_offset=(200, 200)
[DIAG _on_patch_ready] req=3 left_label=320 top_label=478 phys_img=(1549, 1162) logical_img=(1549, 1162) ds=(1.0, 1.0, 1.0) patch_shape=(472, 1163, 3)
[DIAG _on_patch_ready] draw_pos_pm=(320, 478) phys_tgt=(1163, 472)
[DIAG _apply_proc_zoom] proc_zoom=1.3310000000000004 display_scale=1.3310000000000004 virt_size=(2104, 1678) img_base_size=(1280, 960) _display_offset=(200, 200)
[DIAG _apply_proc_zoom] proc_zoom=1.4641000000000006 display_scale=1.4641000000000006 virt_size=(2274, 1806) img_base_size=(1280, 960) _display_offset=(200, 200)
[DIAG _on_patch_ready] req=5 left_label=474 top_label=570 phys_img=(1874, 1406) logical_img=(1874, 1406) ds=(1.0, 1.0, 1.0) patch_shape=(472, 1163, 3)
[DIAG _on_patch_ready] draw_pos_pm=(474, 570) phys_tgt=(1163, 472)
[DIAG _apply_proc_zoom] proc_zoom=1.6105100000000008 display_scale=1.6105100000000008 virt_size=(2461, 1946) img_base_size=(1280, 960) _display_offset=(200, 200)
[DIAG _apply_proc_zoom] proc_zoom=1.771561000000001 display_scale=1.771561000000001 virt_size=(2668, 2101) img_base_size=(1280, 960) _display_offset=(200, 200)
[DIAG _on_patch_ready] req=7 left_label=659 top_label=680 phys_img=(2268, 1701) logical_img=(2268, 1701) ds=(1.0, 1.0, 1.0) patch_shape=(472, 1163, 3)
[DIAG _on_patch_ready] draw_pos_pm=(659, 680) phys_tgt=(1163, 472)
[DIAG _apply_proc_zoom] proc_zoom=1.9487171000000014 display_scale=1.9487171000000014 virt_size=(2894, 2271) img_base_size=(1280, 960) _display_offset=(200, 200)
[DIAG _apply_proc_zoom] proc_zoom=2.1435888100000016 display_scale=2.1435888100000016 virt_size=(3144, 2458) img_base_size=(1280, 960) _display_offset=(200, 200)
[DIAG _on_patch_ready] req=9 left_label=881 top_label=812 phys_img=(2744, 2058) logical_img=(2744, 2058) ds=(1.0, 1.0, 1.0) patch_shape=(472, 1163, 3)
[DIAG _on_patch_ready] draw_pos_pm=(881, 812) phys_tgt=(1163, 472)
[DIAG _apply_proc_zoom] proc_zoom=2.357947691000002 display_scale=2.357947691000002 virt_size=(3418, 2664) img_base_size=(1280, 960) _display_offset=(200, 200)
[DIAG _apply_proc_zoom] proc_zoom=2.5937424601000023 display_scale=2.5937424601000023 virt_size=(3720, 2890) img_base_size=(1280, 960) _display_offset=(200, 200)
[DIAG _apply_proc_zoom] proc_zoom=3.1124909521200026 display_scale=3.1124909521200026 virt_size=(4384, 3388) img_base_size=(1280, 960) _display_offset=(200, 200)
[DIAG _apply_proc_zoom] proc_zoom=3.734989142544003 display_scale=3.734989142544003 virt_size=(5181, 3986) img_base_size=(1280, 960) _display_offset=(202, 202)
[DIAG _apply_proc_zoom] proc_zoom=4.108488056798404 display_scale=4.108488056798404 virt_size=(5659, 4344) img_base_size=(1280, 960) _display_offset=(222, 222)
[DIAG _apply_proc_zoom] proc_zoom=4.519336862478244 display_scale=4.519336862478244 virt_size=(6185, 4739) img_base_size=(1280, 960) _display_offset=(245, 245)
[DIAG _on_patch_ready] req=15 left_label=2254 top_label=1642 phys_img=(4730, 3547) logical_img=(5785, 4339) ds=(0.8176318063958513, 0.8174694630099101, 0.8175506347028807) patch_shape=(472, 1163, 3)
[DIAG _on_patch_ready] draw_pos_pm=(1842, 1342) phys_tgt=(951, 386)
[DIAG _apply_proc_zoom] proc_zoom=4.9712705487260695 display_scale=4.9712705487260695 virt_size=(6763, 5172) img_base_size=(1280, 960) _display_offset=(269, 269)
[DIAG _apply_proc_zoom] proc_zoom=5.468397603598677 display_scale=5.468397603598677 virt_size=(7400, 5650) img_base_size=(1280, 960) _display_offset=(296, 296)
[DIAG _on_patch_ready] req=17 left_label=2835 top_label=2008 phys_img=(4730, 3547) logical_img=(7000, 5250) ds=(0.6757142857142857, 0.6756190476190476, 0.6756666666666666) patch_shape=(472, 1163, 3)
[DIAG _on_patch_ready] draw_pos_pm=(1916, 1357) phys_tgt=(786, 319)
[DIAG _apply_proc_zoom] proc_zoom=6.015237363958545 display_scale=6.015237363958545 virt_size=(8100, 6175) img_base_size=(1280, 960) _display_offset=(326, 326)
[DIAG _apply_proc_zoom] proc_zoom=6.6167611003544 display_scale=6.6167611003544 virt_size=(8869, 6752) img_base_size=(1280, 960) _display_offset=(358, 358)
[DIAG _apply_proc_zoom] proc_zoom=9.26346554049616 display_scale=9.26346554049616 virt_size=(12257, 9293) img_base_size=(1280, 960) _display_offset=(501, 501)
[DIAG _apply_proc_zoom] proc_zoom=12.968851756694622 display_scale=12.968851756694622 virt_size=(17000, 12850) img_base_size=(1280, 960) _display_offset=(702, 702)
[DIAG _on_patch_ready] req=21 left_label=5733 top_label=3835 phys_img=(4730, 3547) logical_img=(16600, 12450) ds=(0.2849397590361446, 0.2848995983935743, 0.28491967871485946) patch_shape=(472, 1163, 3)
[DIAG _on_patch_ready] draw_pos_pm=(1633, 1093) phys_tgt=(331, 134)
[DIAG _apply_proc_zoom] proc_zoom=11.67196658102516 display_scale=11.67196658102516 virt_size=(15340, 11605) img_base_size=(1280, 960) _display_offset=(632, 632)
[DIAG _apply_proc_zoom] proc_zoom=10.504769922922645 display_scale=10.504769922922645 virt_size=(13846, 10485) img_base_size=(1280, 960) _display_offset=(569, 569)
[DIAG _apply_proc_zoom] proc_zoom=6.302861953753586 display_scale=6.302861953753586 virt_size=(8468, 6451) img_base_size=(1280, 960) _display_offset=(341, 341)
[DIAG _apply_proc_zoom] proc_zoom=3.7817171722521516 display_scale=3.7817171722521516 virt_size=(5241, 4030) img_base_size=(1280, 960) _display_offset=(205, 205)
[DIAG _apply_proc_zoom] proc_zoom=3.4035454550269364 display_scale=3.4035454550269364 virt_size=(4757, 3667) img_base_size=(1280, 960) _display_offset=(200, 200)
[DIAG _apply_proc_zoom] proc_zoom=3.0631909095242427 display_scale=3.0631909095242427 virt_size=(4321, 3341) img_base_size=(1280, 960) _display_offset=(200, 200)
[DIAG _on_patch_ready] req=27 left_label=552 top_label=574 phys_img=(3921, 2941) logical_img=(3921, 2941) ds=(1.0, 1.0, 1.0) patch_shape=(472, 1163, 3)
[DIAG _on_patch_ready] draw_pos_pm=(552, 574) phys_tgt=(1163, 472)
[DIAG _apply_proc_zoom] proc_zoom=2.7568718185718186 display_scale=2.7568718185718186 virt_size=(3929, 3047) img_base_size=(1280, 960) _display_offset=(200, 200)
[DIAG _apply_proc_zoom] proc_zoom=2.481184636714637 display_scale=2.481184636714637 virt_size=(3576, 2782) img_base_size=(1280, 960) _display_offset=(200, 200)
[DIAG _on_patch_ready] req=29 left_label=353 top_label=461 phys_img=(3176, 2382) logical_img=(3176, 2382) ds=(1.0, 1.0, 1.0) patch_shape=(472, 1163, 3)
[DIAG _on_patch_ready] draw_pos_pm=(353, 461) phys_tgt=(1163, 472)
[DIAG _apply_proc_zoom] proc_zoom=2.233066173043173 display_scale=2.233066173043173 virt_size=(3258, 2544) img_base_size=(1280, 960) _display_offset=(200, 200)
[DIAG _apply_proc_zoom] proc_zoom=2.0097595557388557 display_scale=2.0097595557388557 virt_size=(2972, 2329) img_base_size=(1280, 960) _display_offset=(200, 200)
[DIAG _apply_proc_zoom] proc_zoom=1.6078076445910847 display_scale=1.6078076445910847 virt_size=(2458, 1943) img_base_size=(1280, 960) _display_offset=(200, 200)
[DIAG _apply_proc_zoom] proc_zoom=1.286246115672868 display_scale=1.286246115672868 virt_size=(2046, 1635) img_base_size=(1280, 960) _display_offset=(200, 200)
[DIAG _on_patch_ready] req=33 left_label=10 top_label=268 phys_img=(1646, 1235) logical_img=(1646, 1235) ds=(1.0, 1.0, 1.0) patch_shape=(472, 1163, 3)
[DIAG _on_patch_ready] draw_pos_pm=(10, 268) phys_tgt=(1163, 472)
[DIAG _apply_proc_zoom] proc_zoom=1.1576215041055813 display_scale=1.1576215041055813 virt_size=(1882, 1511) img_base_size=(1280, 960) _display_offset=(200, 200)
[DIAG _apply_proc_zoom] proc_zoom=1.0418593536950231 display_scale=1.0418593536950231 virt_size=(1734, 1400) img_base_size=(1280, 960) _display_offset=(200, 200)
[DIAG _on_patch_ready] req=35 left_label=0 top_label=186 phys_img=(1334, 1000) logical_img=(1334, 1000) ds=(1.0, 1.0, 1.0) patch_shape=(472, 1163, 3)
[DIAG _on_patch_ready] draw_pos_pm=(0, 186) phys_tgt=(1163, 472)
[DIAG _apply_proc_zoom] proc_zoom=0.9376734183255209 display_scale=0.9376734183255209 virt_size=(1600, 1300) img_base_size=(1280, 960) _display_offset=(200, 200)
[DIAG _apply_proc_zoom] proc_zoom=0.8439060764929688 display_scale=0.8439060764929688 virt_size=(1480, 1210) img_base_size=(1280, 960) _display_offset=(200, 200)
[DIAG _on_patch_ready] req=37 left_label=0 top_label=152 phys_img=(1080, 810) logical_img=(1080, 810) ds=(1.0, 1.0, 1.0) patch_shape=(472, 1163, 3)
[DIAG _on_patch_ready] draw_pos_pm=(0, 152) phys_tgt=(1163, 472)
[DIAG _apply_proc_zoom] proc_zoom=0.7595154688436719 display_scale=0.7595154688436719 virt_size=(1372, 1129) img_base_size=(1280, 960) _display_offset=(200, 200)
[DIAG _apply_proc_zoom] proc_zoom=0.6835639219593047 display_scale=0.6835639219593047 virt_size=(1275, 1056) img_base_size=(1280, 960) _display_offset=(200, 200)
[DIAG _on_patch_ready] req=39 left_label=0 top_label=125 phys_img=(875, 656) logical_img=(875, 656) ds=(1.0, 1.0, 1.0) patch_shape=(472, 1163, 3)
[DIAG _on_patch_ready] draw_pos_pm=(0, 125) phys_tgt=(1163, 472)
[DIAG _apply_proc_zoom] proc_zoom=0.6152075297633742 display_scale=0.6152075297633742 virt_size=(1187, 991) img_base_size=(1280, 960) _display_offset=(200, 200)
[DIAG _apply_proc_zoom] proc_zoom=0.5536867767870368 display_scale=0.5536867767870368 virt_size=(1109, 932) img_base_size=(1280, 960) _display_offset=(200, 200)
[DIAG _on_patch_ready] req=41 left_label=0 top_label=103 phys_img=(709, 532) logical_img=(709, 532) ds=(1.0, 1.0, 1.0) patch_shape=(472, 1163, 3)
[DIAG _on_patch_ready] draw_pos_pm=(0, 103) phys_tgt=(1163, 489)
[DIAG _apply_proc_zoom] proc_zoom=0.49831809910833313 display_scale=0.49831809910833313 virt_size=(1038, 878) img_base_size=(1280, 960) _display_offset=(200, 200)
[DIAG _apply_proc_zoom] proc_zoom=0.44848628919749983 display_scale=0.44848628919749983 virt_size=(974, 831) img_base_size=(1280, 960) _display_offset=(200, 200)
[DIAG _on_patch_ready] req=43 left_label=0 top_label=85 phys_img=(574, 431) logical_img=(574, 431) ds=(1.0, 1.0, 1.0) patch_shape=(489, 1163, 3)
[DIAG _on_patch_ready] draw_pos_pm=(0, 85) phys_tgt=(1163, 489)
[DIAG _apply_proc_zoom] proc_zoom=0.40363766027774983 display_scale=0.40363766027774983 virt_size=(917, 787) img_base_size=(1280, 960) _display_offset=(200, 200)
[DIAG _apply_proc_zoom] proc_zoom=0.36327389424997486 display_scale=0.36327389424997486 virt_size=(865, 749) img_base_size=(1280, 960) _display_offset=(200, 200)
[DIAG _on_patch_ready] req=45 left_label=0 top_label=71 phys_img=(465, 349) logical_img=(465, 349) ds=(1.0, 1.0, 1.0) patch_shape=(489, 1163, 3)
[DIAG _on_patch_ready] draw_pos_pm=(0, 71) phys_tgt=(1163, 489)
[DIAG _apply_proc_zoom] proc_zoom=0.3269465048249774 display_scale=0.3269465048249774 virt_size=(818, 714) img_base_size=(1280, 960) _display_offset=(200, 200)
[DIAG _apply_proc_zoom] proc_zoom=0.29425185434247964 display_scale=0.29425185434247964 virt_size=(777, 682) img_base_size=(1280, 960) _display_offset=(200, 200)
[DIAG _on_patch_ready] req=47 left_label=0 top_label=60 phys_img=(377, 282) logical_img=(377, 282) ds=(1.0, 1.0, 1.0) patch_shape=(489, 1163, 3)
[DIAG _on_patch_ready] draw_pos_pm=(0, 60) phys_tgt=(1163, 489)
[DIAG _apply_proc_zoom] proc_zoom=0.2648266689082317 display_scale=0.2648266689082317 virt_size=(739, 654) img_base_size=(1280, 960) _display_offset=(200, 200)
[DIAG _apply_proc_zoom] proc_zoom=0.23834400201740855 display_scale=0.23834400201740855 virt_size=(705, 629) img_base_size=(1280, 960) _display_offset=(200, 200)
[DIAG _on_patch_ready] req=49 left_label=0 top_label=60 phys_img=(305, 229) logical_img=(305, 229) ds=(1.0, 1.0, 1.0) patch_shape=(489, 1163, 3)
[DIAG _on_patch_ready] draw_pos_pm=(0, 60) phys_tgt=(1163, 489)
[DIAG _apply_proc_zoom] proc_zoom=0.2145096018156677 display_scale=0.2145096018156677 virt_size=(675, 606) img_base_size=(1280, 960) _display_offset=(200, 200)
[DIAG _apply_proc_zoom] proc_zoom=0.19305864163410094 display_scale=0.19305864163410094 virt_size=(647, 585) img_base_size=(1280, 960) _display_offset=(200, 200)
[DIAG _on_patch_ready] req=51 left_label=0 top_label=60 phys_img=(247, 185) logical_img=(247, 185) ds=(1.0, 1.0, 1.0) patch_shape=(489, 1163, 3)
[DIAG _on_patch_ready] draw_pos_pm=(0, 60) phys_tgt=(1163, 489)
[DIAG _apply_proc_zoom] proc_zoom=0.17375277747069084 display_scale=0.17375277747069084 virt_size=(622, 567) img_base_size=(1280, 960) _display_offset=(200, 200)
[DIAG _apply_proc_zoom] proc_zoom=0.15637749972362178 display_scale=0.15637749972362178 virt_size=(600, 550) img_base_size=(1280, 960) _display_offset=(200, 200)
[DIAG _on_patch_ready] req=53 left_label=0 top_label=60 phys_img=(200, 150) logical_img=(200, 150) ds=(1.0, 1.0, 1.0) patch_shape=(489, 1163, 3)
[DIAG _on_patch_ready] draw_pos_pm=(0, 60) phys_tgt=(1163, 489)
[DIAG _apply_proc_zoom] proc_zoom=0.1407397497512596 display_scale=0.1407397497512596 virt_size=(580, 535) img_base_size=(1280, 960) _display_offset=(200, 200)
[DIAG _on_patch_ready] req=54 left_label=0 top_label=46 phys_img=(180, 135) logical_img=(180, 135) ds=(1.0, 1.0, 1.0) patch_shape=(489, 1163, 3)
[DIAG _on_patch_ready] draw_pos_pm=(0, 46) phys_tgt=(1163, 489)
[DIAG _apply_proc_zoom] proc_zoom=0.12666577477613364 display_scale=0.12666577477613364 virt_size=(562, 522) img_base_size=(1280, 960) _display_offset=(200, 200)
[DIAG _on_patch_ready] req=55 left_label=0 top_label=33 phys_img=(162, 122) logical_img=(162, 122) ds=(1.0, 1.0, 1.0) patch_shape=(489, 1163, 3)
[DIAG _on_patch_ready] draw_pos_pm=(0, 33) phys_tgt=(1163, 489)
[DIAG _apply_proc_zoom] proc_zoom=0.11399919729852027 display_scale=0.11399919729852027 virt_size=(546, 509) img_base_size=(1280, 960) _display_offset=(200, 200)
[DIAG _on_patch_ready] req=56 left_label=0 top_label=20 phys_img=(146, 109) logical_img=(146, 109) ds=(1.0, 1.0, 1.0) patch_shape=(489, 1163, 3)
[DIAG _on_patch_ready] draw_pos_pm=(0, 20) phys_tgt=(1163, 489)
[DIAG _apply_proc_zoom] proc_zoom=0.10259927756866825 display_scale=0.10259927756866825 virt_size=(531, 498) img_base_size=(1280, 960) _display_offset=(200, 200)
[DIAG _on_patch_ready] req=57 left_label=0 top_label=9 phys_img=(131, 98) logical_img=(131, 98) ds=(1.0, 1.0, 1.0) patch_shape=(489, 1163, 3)
[DIAG _on_patch_ready] draw_pos_pm=(0, 9) phys_tgt=(1163, 489)
[DIAG _apply_proc_zoom] proc_zoom=0.09233934981180143 display_scale=0.09233934981180143 virt_size=(518, 489) img_base_size=(1280, 960) _display_offset=(200, 200)
[DIAG _on_patch_ready] req=58 left_label=0 top_label=0 phys_img=(118, 89) logical_img=(118, 89) ds=(1.0, 1.0, 1.0) patch_shape=(489, 1163, 3)
[DIAG _on_patch_ready] draw_pos_pm=(0, 0) phys_tgt=(1180, 489)
[DIAG _apply_proc_zoom] proc_zoom=0.0831054148306213 display_scale=0.0831054148306213 virt_size=(506, 480) img_base_size=(1280, 960) _display_offset=(200, 200)
[DIAG _on_patch_ready] req=59 left_label=0 top_label=0 phys_img=(106, 80) logical_img=(106, 80) ds=(1.0, 1.0, 1.0) patch_shape=(489, 1180, 3)
[DIAG _on_patch_ready] draw_pos_pm=(0, 0) phys_tgt=(1180, 489)
[DIAG _apply_proc_zoom] proc_zoom=0.07479487334755917 display_scale=0.07479487334755917 virt_size=(496, 472) img_base_size=(1280, 960) _display_offset=(200, 200)
[DIAG _on_patch_ready] req=60 left_label=0 top_label=0 phys_img=(96, 72) logical_img=(96, 72) ds=(1.0, 1.0, 1.0) patch_shape=(489, 1180, 3)
[DIAG _on_patch_ready] draw_pos_pm=(0, 0) phys_tgt=(1180, 489)
[DIAG _apply_proc_zoom] proc_zoom=0.06731538601280326 display_scale=0.06731538601280326 virt_size=(486, 465) img_base_size=(1280, 960) _display_offset=(200, 200)
[DIAG _on_patch_ready] req=61 left_label=0 top_label=0 phys_img=(86, 65) logical_img=(86, 65) ds=(1.0, 1.0, 1.0) patch_shape=(489, 1180, 3)
[DIAG _on_patch_ready] draw_pos_pm=(0, 0) phys_tgt=(1180, 489)
[DIAG _apply_proc_zoom] proc_zoom=0.06058384741152294 display_scale=0.06058384741152294 virt_size=(478, 458) img_base_size=(1280, 960) _display_offset=(200, 200)
[DIAG _on_patch_ready] req=62 left_label=0 top_label=0 phys_img=(78, 58) logical_img=(78, 58) ds=(1.0, 1.0, 1.0) patch_shape=(489, 1180, 3)
[DIAG _on_patch_ready] draw_pos_pm=(0, 0) phys_tgt=(1180, 489)
[DIAG _apply_proc_zoom] proc_zoom=0.054525462670370645 display_scale=0.054525462670370645 virt_size=(470, 452) img_base_size=(1280, 960) _display_offset=(200, 200)
[DIAG _on_patch_ready] req=63 left_label=0 top_label=0 phys_img=(70, 52) logical_img=(70, 52) ds=(1.0, 1.0, 1.0) patch_shape=(489, 1180, 3)
[DIAG _on_patch_ready] draw_pos_pm=(0, 0) phys_tgt=(1180, 489)
[DIAG _apply_proc_zoom] proc_zoom=0.04907291640333358 display_scale=0.04907291640333358 virt_size=(463, 447) img_base_size=(1280, 960) _display_offset=(200, 200)
[DIAG _on_patch_ready] req=64 left_label=0 top_label=0 phys_img=(63, 47) logical_img=(63, 47) ds=(1.0, 1.0, 1.0) patch_shape=(489, 1180, 3)
[DIAG _on_patch_ready] draw_pos_pm=(0, 0) phys_tgt=(1180, 489)
[DIAG _apply_proc_zoom] proc_zoom=0.044165624763000226 display_scale=0.044165624763000226 virt_size=(457, 442) img_base_size=(1280, 960) _display_offset=(200, 200)
[DIAG _on_patch_ready] req=65 left_label=0 top_label=0 phys_img=(57, 42) logical_img=(57, 42) ds=(1.0, 1.0, 1.0) patch_shape=(489, 1180, 3)
[DIAG _on_patch_ready] draw_pos_pm=(0, 0) phys_tgt=(1180, 489)
[DIAG _apply_proc_zoom] proc_zoom=0.03974906228670021 display_scale=0.03974906228670021 virt_size=(451, 438) img_base_size=(1280, 960) _display_offset=(200, 200)
[DIAG _on_patch_ready] req=66 left_label=0 top_label=0 phys_img=(51, 38) logical_img=(51, 38) ds=(1.0, 1.0, 1.0) patch_shape=(489, 1180, 3)
[DIAG _on_patch_ready] draw_pos_pm=(0, 0) phys_tgt=(1180, 489)
[DIAG _apply_proc_zoom] proc_zoom=0.035774156058030186 display_scale=0.035774156058030186 virt_size=(446, 434) img_base_size=(1280, 960) _display_offset=(200, 200)
[DIAG _on_patch_ready] req=67 left_label=0 top_label=0 phys_img=(46, 34) logical_img=(46, 34) ds=(1.0, 1.0, 1.0) patch_shape=(489, 1180, 3)
[DIAG _on_patch_ready] draw_pos_pm=(0, 0) phys_tgt=(1180, 489)
[DIAG _apply_proc_zoom] proc_zoom=0.03219674045222717 display_scale=0.03219674045222717 virt_size=(441, 431) img_base_size=(1280, 960) _display_offset=(200, 200)
[DIAG _on_patch_ready] req=68 left_label=0 top_label=0 phys_img=(41, 31) logical_img=(41, 31) ds=(1.0, 1.0, 1.0) patch_shape=(489, 1180, 3)
[DIAG _on_patch_ready] draw_pos_pm=(0, 0) phys_tgt=(1180, 489)
[DIAG _apply_proc_zoom] proc_zoom=0.02897706640700445 display_scale=0.02897706640700445 virt_size=(437, 428) img_base_size=(1280, 960) _display_offset=(200, 200)
[DIAG _on_patch_ready] req=69 left_label=0 top_label=0 phys_img=(37, 28) logical_img=(37, 28) ds=(1.0, 1.0, 1.0) patch_shape=(489, 1180, 3)
[DIAG _on_patch_ready] draw_pos_pm=(0, 0) phys_tgt=(1180, 489)
[DIAG _apply_proc_zoom] proc_zoom=0.026079359766304006 display_scale=0.026079359766304006 virt_size=(433, 425) img_base_size=(1280, 960) _display_offset=(200, 200)
[DIAG _on_patch_ready] req=70 left_label=0 top_label=0 phys_img=(33, 25) logical_img=(33, 25) ds=(1.0, 1.0, 1.0) patch_shape=(489, 1180, 3)
[DIAG _on_patch_ready] draw_pos_pm=(0, 0) phys_tgt=(1180, 489)
[DIAG _apply_proc_zoom] proc_zoom=0.023471423789673606 display_scale=0.023471423789673606 virt_size=(430, 423) img_base_size=(1280, 960) _display_offset=(200, 200)
[DIAG _on_patch_ready] req=71 left_label=0 top_label=0 phys_img=(30, 23) logical_img=(30, 23) ds=(1.0, 1.0, 1.0) patch_shape=(489, 1180, 3)
[DIAG _on_patch_ready] draw_pos_pm=(0, 0) phys_tgt=(1180, 489)
[DIAG _apply_proc_zoom] proc_zoom=0.021124281410706245 display_scale=0.021124281410706245 virt_size=(427, 420) img_base_size=(1280, 960) _display_offset=(200, 200)
[DIAG _on_patch_ready] req=72 left_label=0 top_label=0 phys_img=(27, 20) logical_img=(27, 20) ds=(1.0, 1.0, 1.0) patch_shape=(489, 1180, 3)
[DIAG _on_patch_ready] draw_pos_pm=(0, 0) phys_tgt=(1180, 489)
[DIAG _apply_proc_zoom] proc_zoom=0.01901185326963562 display_scale=0.01901185326963562 virt_size=(424, 418) img_base_size=(1280, 960) _display_offset=(200, 200)
[DIAG _on_patch_ready] req=73 left_label=0 top_label=0 phys_img=(24, 18) logical_img=(24, 18) ds=(1.0, 1.0, 1.0) patch_shape=(489, 1180, 3)
[DIAG _on_patch_ready] draw_pos_pm=(0, 0) phys_tgt=(1180, 489)
[DIAG _apply_proc_zoom] proc_zoom=0.01711066794267206 display_scale=0.01711066794267206 virt_size=(422, 416) img_base_size=(1280, 960) _display_offset=(200, 200)
[DIAG _on_patch_ready] req=74 left_label=0 top_label=0 phys_img=(22, 16) logical_img=(22, 16) ds=(1.0, 1.0, 1.0) patch_shape=(489, 1180, 3)
[DIAG _on_patch_ready] draw_pos_pm=(0, 0) phys_tgt=(1180, 489)
[DIAG _apply_proc_zoom] proc_zoom=0.015399601148404855 display_scale=0.015399601148404855 virt_size=(420, 415) img_base_size=(1280, 960) _display_offset=(200, 200)
[DIAG _on_patch_ready] req=75 left_label=0 top_label=0 phys_img=(20, 15) logical_img=(20, 15) ds=(1.0, 1.0, 1.0) patch_shape=(489, 1180, 3)
[DIAG _on_patch_ready] draw_pos_pm=(0, 0) phys_tgt=(1180, 489)
[DIAG _apply_proc_zoom] proc_zoom=0.013859641033564369 display_scale=0.013859641033564369 virt_size=(418, 413) img_base_size=(1280, 960) _display_offset=(200, 200)
[DIAG _on_patch_ready] req=76 left_label=0 top_label=0 phys_img=(18, 13) logical_img=(18, 13) ds=(1.0, 1.0, 1.0) patch_shape=(489, 1180, 3)
[DIAG _on_patch_ready] draw_pos_pm=(0, 0) phys_tgt=(1180, 489)
[DIAG _apply_proc_zoom] proc_zoom=0.012473676930207933 display_scale=0.012473676930207933 virt_size=(416, 412) img_base_size=(1280, 960) _display_offset=(200, 200)
[DIAG _on_patch_ready] req=77 left_label=0 top_label=0 phys_img=(16, 12) logical_img=(16, 12) ds=(1.0, 1.0, 1.0) patch_shape=(489, 1180, 3)
[DIAG _on_patch_ready] draw_pos_pm=(0, 0) phys_tgt=(1180, 489)
[DIAG _apply_proc_zoom] proc_zoom=0.01122630923718714 display_scale=0.01122630923718714 virt_size=(414, 411) img_base_size=(1280, 960) _display_offset=(200, 200)
[DIAG _on_patch_ready] req=78 left_label=0 top_label=0 phys_img=(14, 11) logical_img=(14, 11) ds=(1.0, 1.0, 1.0) patch_shape=(489, 1180, 3)
[DIAG _on_patch_ready] draw_pos_pm=(0, 0) phys_tgt=(1180, 489)
[DIAG _apply_proc_zoom] proc_zoom=0.010103678313468426 display_scale=0.010103678313468426 virt_size=(413, 410) img_base_size=(1280, 960) _display_offset=(200, 200)
[DIAG _on_patch_ready] req=79 left_label=0 top_label=0 phys_img=(13, 10) logical_img=(13, 10) ds=(1.0, 1.0, 1.0) patch_shape=(489, 1180, 3)
[DIAG _on_patch_ready] draw_pos_pm=(0, 0) phys_tgt=(1180, 489)
[DIAG _apply_proc_zoom] proc_zoom=0.01 display_scale=0.01 virt_size=(413, 410) img_base_size=(1280, 960) _display_offset=(200, 200)
[DIAG _on_patch_ready] req=80 left_label=0 top_label=0 phys_img=(13, 10) logical_img=(13, 10) ds=(1.0, 1.0, 1.0) patch_shape=(489, 1180, 3)
[DIAG _on_patch_ready] draw_pos_pm=(0, 0) phys_tgt=(1180, 489)
[DIAG _apply_proc_zoom] proc_zoom=1.0 display_scale=1.0 virt_size=(1680, 1360) img_base_size=(1280, 960) _display_offset=(200, 200)
[DIAG _on_patch_ready] req=1 left_label=0 top_label=0 phys_img=(1280, 960) logical_img=(1280, 960) ds=(1.0, 1.0, 1.0) patch_shape=(478, 638, 3)
[DIAG _on_patch_ready] draw_pos_pm=(0, 0) phys_tgt=(1163, 472)
[DIAG _apply_proc_zoom] proc_zoom=1.1 display_scale=1.1 virt_size=(1808, 1456) img_base_size=(1280, 960) _display_offset=(200, 200)
[DIAG _apply_proc_zoom] proc_zoom=1.2100000000000002 display_scale=1.2100000000000002 virt_size=(1949, 1562) img_base_size=(1280, 960) _display_offset=(200, 200)
[DIAG _on_patch_ready] req=3 left_label=308 top_label=485 phys_img=(1549, 1162) logical_img=(1549, 1162) ds=(1.0, 1.0, 1.0) patch_shape=(472, 1163, 3)
[DIAG _on_patch_ready] draw_pos_pm=(308, 485) phys_tgt=(1163, 472)
[DIAG _apply_proc_zoom] proc_zoom=1.3310000000000004 display_scale=1.3310000000000004 virt_size=(2104, 1678) img_base_size=(1280, 960) _display_offset=(200, 200)
[DIAG _apply_proc_zoom] proc_zoom=1.4641000000000006 display_scale=1.4641000000000006 virt_size=(2274, 1806) img_base_size=(1280, 960) _display_offset=(200, 200)
[DIAG _on_patch_ready] req=5 left_label=435 top_label=593 phys_img=(1874, 1406) logical_img=(1874, 1406) ds=(1.0, 1.0, 1.0) patch_shape=(472, 1163, 3)
[DIAG _on_patch_ready] draw_pos_pm=(435, 593) phys_tgt=(1163, 472)
[DIAG _apply_proc_zoom] proc_zoom=1.6105100000000008 display_scale=1.6105100000000008 virt_size=(2461, 1946) img_base_size=(1280, 960) _display_offset=(200, 200)
[DIAG _apply_proc_zoom] proc_zoom=1.771561000000001 display_scale=1.771561000000001 virt_size=(2668, 2101) img_base_size=(1280, 960) _display_offset=(200, 200)
[DIAG _on_patch_ready] req=7 left_label=587 top_label=722 phys_img=(2268, 1701) logical_img=(2268, 1701) ds=(1.0, 1.0, 1.0) patch_shape=(472, 1163, 3)
[DIAG _on_patch_ready] draw_pos_pm=(587, 722) phys_tgt=(1163, 472)
[DIAG _apply_proc_zoom] proc_zoom=1.9487171000000014 display_scale=1.9487171000000014 virt_size=(2894, 2271) img_base_size=(1280, 960) _display_offset=(200, 200)
[DIAG _apply_proc_zoom] proc_zoom=2.1435888100000016 display_scale=2.1435888100000016 virt_size=(3144, 2458) img_base_size=(1280, 960) _display_offset=(200, 200)
[DIAG _on_patch_ready] req=9 left_label=770 top_label=876 phys_img=(2744, 2058) logical_img=(2744, 2058) ds=(1.0, 1.0, 1.0) patch_shape=(472, 1163, 3)
[DIAG _on_patch_ready] draw_pos_pm=(770, 876) phys_tgt=(1163, 472)
[DIAG _apply_proc_zoom] proc_zoom=2.357947691000002 display_scale=2.357947691000002 virt_size=(3418, 2664) img_base_size=(1280, 960) _display_offset=(200, 200)
[DIAG _apply_proc_zoom] proc_zoom=2.5937424601000023 display_scale=2.5937424601000023 virt_size=(3720, 2890) img_base_size=(1280, 960) _display_offset=(200, 200)
[DIAG _on_patch_ready] req=11 left_label=990 top_label=1061 phys_img=(3320, 2490) logical_img=(3320, 2490) ds=(1.0, 1.0, 1.0) patch_shape=(472, 1163, 3)
[DIAG _on_patch_ready] draw_pos_pm=(990, 1061) phys_tgt=(1163, 472)
[DIAG _apply_proc_zoom] proc_zoom=2.853116706110003 display_scale=2.853116706110003 virt_size=(4052, 3139) img_base_size=(1280, 960) _display_offset=(200, 200)
[DIAG _apply_proc_zoom] proc_zoom=3.1384283767210035 display_scale=3.1384283767210035 virt_size=(4417, 3413) img_base_size=(1280, 960) _display_offset=(200, 200)
[DIAG _on_patch_ready] req=13 left_label=1254 top_label=1283 phys_img=(4017, 3013) logical_img=(4017, 3013) ds=(1.0, 1.0, 1.0) patch_shape=(472, 1163, 3)
[DIAG _on_patch_ready] draw_pos_pm=(1254, 1283) phys_tgt=(1163, 472)
[DIAG _apply_proc_zoom] proc_zoom=3.4522712143931042 display_scale=3.4522712143931042 virt_size=(4819, 3714) img_base_size=(1280, 960) _display_offset=(200, 200)
[DIAG _apply_proc_zoom] proc_zoom=3.797498335832415 display_scale=3.797498335832415 virt_size=(5261, 4046) img_base_size=(1280, 960) _display_offset=(206, 206)
[DIAG _apply_proc_zoom] proc_zoom=4.936747836582139 display_scale=4.936747836582139 virt_size=(6719, 5139) img_base_size=(1280, 960) _display_offset=(267, 267)
[DIAG _apply_proc_zoom] proc_zoom=6.417772187556781 display_scale=6.417772187556781 virt_size=(8615, 6561) img_base_size=(1280, 960) _display_offset=(347, 347)
[DIAG _on_patch_ready] req=17 left_label=2433 top_label=2287 phys_img=(4730, 3547) logical_img=(8215, 6161) ds=(0.5757760194765672, 0.575718227560461, 0.5757471235185141) patch_shape=(472, 1163, 3)
[DIAG _on_patch_ready] draw_pos_pm=(1401, 1317) phys_tgt=(670, 272)
[DIAG _apply_proc_zoom] proc_zoom=7.05954940631246 display_scale=7.05954940631246 virt_size=(9436, 7177) img_base_size=(1280, 960) _display_offset=(382, 382)
[DIAG _apply_proc_zoom] proc_zoom=7.765504346943707 display_scale=7.765504346943707 virt_size=(10340, 7855) img_base_size=(1280, 960) _display_offset=(420, 420)
[DIAG _on_patch_ready] req=19 left_label=3481 top_label=3186 phys_img=(4730, 3547) logical_img=(9940, 7455) ds=(0.47585513078470826, 0.47578806170355464, 0.47582159624413145) patch_shape=(472, 1163, 3)
[DIAG _on_patch_ready] draw_pos_pm=(1656, 1516) phys_tgt=(553, 225)
[DIAG _apply_proc_zoom] proc_zoom=8.542054781638077 display_scale=8.542054781638077 virt_size=(11334, 8600) img_base_size=(1280, 960) _display_offset=(462, 462)
[DIAG _apply_proc_zoom] proc_zoom=9.396260259801887 display_scale=9.396260259801887 virt_size=(12427, 9420) img_base_size=(1280, 960) _display_offset=(509, 509)
[DIAG _on_patch_ready] req=21 left_label=4282 top_label=3873 phys_img=(4730, 3547) logical_img=(12027, 9020) ds=(0.39328178265569136, 0.39323725055432374, 0.3932595166050076) patch_shape=(472, 1163, 3)
[DIAG _on_patch_ready] draw_pos_pm=(1684, 1523) phys_tgt=(457, 186)
[DIAG _apply_proc_zoom] proc_zoom=8.456634233821697 display_scale=8.456634233821697 virt_size=(11224, 8518) img_base_size=(1280, 960) _display_offset=(458, 458)
[DIAG _apply_proc_zoom] proc_zoom=7.610970810439528 display_scale=7.610970810439528 virt_size=(10142, 7707) img_base_size=(1280, 960) _display_offset=(412, 412)
[DIAG _apply_proc_zoom] proc_zoom=6.849873729395576 display_scale=6.849873729395576 virt_size=(9168, 6976) img_base_size=(1280, 960) _display_offset=(371, 371)
[DIAG _apply_proc_zoom] proc_zoom=6.164886356456019 display_scale=6.164886356456019 virt_size=(8291, 6318) img_base_size=(1280, 960) _display_offset=(334, 334)
[DIAG _apply_proc_zoom] proc_zoom=5.548397720810417 display_scale=5.548397720810417 virt_size=(7502, 5726) img_base_size=(1280, 960) _display_offset=(300, 300)
[DIAG _apply_proc_zoom] proc_zoom=4.993557948729376 display_scale=4.993557948729376 virt_size=(6792, 5194) img_base_size=(1280, 960) _display_offset=(270, 270)
[DIAG _apply_proc_zoom] proc_zoom=4.494202153856438 display_scale=4.494202153856438 virt_size=(6153, 4714) img_base_size=(1280, 960) _display_offset=(243, 243)
[DIAG _apply_proc_zoom] proc_zoom=4.044781938470795 display_scale=4.044781938470795 virt_size=(5577, 4283) img_base_size=(1280, 960) _display_offset=(219, 219)
[DIAG _on_patch_ready] req=29 left_label=1889 top_label=1822 phys_img=(4730, 3547) logical_img=(5177, 3883) ds=(0.9136565578520378, 0.9134689672933299, 0.9135627625726839) patch_shape=(472, 1163, 3)
[DIAG _on_patch_ready] draw_pos_pm=(1726, 1664) phys_tgt=(1062, 431)
[DIAG _apply_proc_zoom] proc_zoom=3.6403037446237154 display_scale=3.6403037446237154 virt_size=(5060, 3895) img_base_size=(1280, 960) _display_offset=(200, 200)
[DIAG _apply_proc_zoom] proc_zoom=3.276273370161344 display_scale=3.276273370161344 virt_size=(4594, 3545) img_base_size=(1280, 960) _display_offset=(200, 200)
[DIAG _apply_proc_zoom] proc_zoom=2.94864603314521 display_scale=2.94864603314521 virt_size=(4174, 3231) img_base_size=(1280, 960) _display_offset=(200, 200)
[DIAG _apply_proc_zoom] proc_zoom=2.6537814298306888 display_scale=2.6537814298306888 virt_size=(3797, 2948) img_base_size=(1280, 960) _display_offset=(200, 200)
[DIAG _on_patch_ready] req=33 left_label=1060 top_label=1117 phys_img=(3397, 2548) logical_img=(3397, 2548) ds=(1.0, 1.0, 1.0) patch_shape=(472, 1163, 3)
[DIAG _on_patch_ready] draw_pos_pm=(1060, 1117) phys_tgt=(1163, 472)
[DIAG _apply_proc_zoom] proc_zoom=2.38840328684762 display_scale=2.38840328684762 virt_size=(3457, 2693) img_base_size=(1280, 960) _display_offset=(200, 200)
[DIAG _apply_proc_zoom] proc_zoom=2.1495629581628584 display_scale=2.1495629581628584 virt_size=(3151, 2464) img_base_size=(1280, 960) _display_offset=(200, 200)
[DIAG _on_patch_ready] req=35 left_label=783 top_label=883 phys_img=(2751, 2064) logical_img=(2751, 2064) ds=(1.0, 1.0, 1.0) patch_shape=(472, 1163, 3)
[DIAG _on_patch_ready] draw_pos_pm=(783, 883) phys_tgt=(1163, 472)
[DIAG _apply_proc_zoom] proc_zoom=1.9346066623465725 display_scale=1.9346066623465725 virt_size=(2876, 2257) img_base_size=(1280, 960) _display_offset=(200, 200)
[DIAG _apply_proc_zoom] proc_zoom=1.7411459961119153 display_scale=1.7411459961119153 virt_size=(2629, 2072) img_base_size=(1280, 960) _display_offset=(200, 200)
[DIAG _on_patch_ready] req=37 left_label=561 top_label=696 phys_img=(2229, 1672) logical_img=(2229, 1672) ds=(1.0, 1.0, 1.0) patch_shape=(472, 1163, 3)
[DIAG _on_patch_ready] draw_pos_pm=(561, 696) phys_tgt=(1163, 472)
[DIAG _apply_proc_zoom] proc_zoom=1.3929167968895324 display_scale=1.3929167968895324 virt_size=(2183, 1737) img_base_size=(1280, 960) _display_offset=(200, 200)
[DIAG _apply_proc_zoom] proc_zoom=1.114333437511626 display_scale=1.114333437511626 virt_size=(1826, 1470) img_base_size=(1280, 960) _display_offset=(200, 200)
[DIAG _apply_proc_zoom] proc_zoom=0.8914667500093009 display_scale=0.8914667500093009 virt_size=(1541, 1256) img_base_size=(1280, 960) _display_offset=(200, 200)
[DIAG _apply_proc_zoom] proc_zoom=0.7131734000074408 display_scale=0.7131734000074408 virt_size=(1313, 1085) img_base_size=(1280, 960) _display_offset=(200, 200)
[DIAG _on_patch_ready] req=41 left_label=51 top_label=267 phys_img=(913, 685) logical_img=(913, 685) ds=(1.0, 1.0, 1.0) patch_shape=(472, 1163, 3)
[DIAG _on_patch_ready] draw_pos_pm=(51, 267) phys_tgt=(1163, 472)
[DIAG _apply_proc_zoom] proc_zoom=0.6418560600066967 display_scale=0.6418560600066967 virt_size=(1222, 1016) img_base_size=(1280, 960) _display_offset=(200, 200)
[DIAG _apply_proc_zoom] proc_zoom=0.577670454006027 display_scale=0.577670454006027 virt_size=(1139, 955) img_base_size=(1280, 960) _display_offset=(200, 200)
[DIAG _on_patch_ready] req=43 left_label=0 top_label=163 phys_img=(739, 555) logical_img=(739, 555) ds=(1.0, 1.0, 1.0) patch_shape=(472, 1163, 3)
[DIAG _on_patch_ready] draw_pos_pm=(0, 163) phys_tgt=(1163, 489)
[DIAG _apply_proc_zoom] proc_zoom=0.5199034086054243 display_scale=0.5199034086054243 virt_size=(1065, 899) img_base_size=(1280, 960) _display_offset=(200, 200)
[DIAG _apply_proc_zoom] proc_zoom=0.46791306774488184 display_scale=0.46791306774488184 virt_size=(999, 849) img_base_size=(1280, 960) _display_offset=(200, 200)
[DIAG _on_patch_ready] req=45 left_label=0 top_label=120 phys_img=(599, 449) logical_img=(599, 449) ds=(1.0, 1.0, 1.0) patch_shape=(489, 1163, 3)
[DIAG _on_patch_ready] draw_pos_pm=(0, 120) phys_tgt=(1163, 489)
[DIAG _apply_proc_zoom] proc_zoom=0.42112176097039367 display_scale=0.42112176097039367 virt_size=(939, 804) img_base_size=(1280, 960) _display_offset=(200, 200)
[DIAG _apply_proc_zoom] proc_zoom=0.3790095848733543 display_scale=0.3790095848733543 virt_size=(885, 764) img_base_size=(1280, 960) _display_offset=(200, 200)
[DIAG _on_patch_ready] req=47 left_label=0 top_label=86 phys_img=(485, 364) logical_img=(485, 364) ds=(1.0, 1.0, 1.0) patch_shape=(489, 1163, 3)
[DIAG _on_patch_ready] draw_pos_pm=(0, 86) phys_tgt=(1163, 489)
[DIAG _apply_proc_zoom] proc_zoom=0.34110862638601885 display_scale=0.34110862638601885 virt_size=(837, 727) img_base_size=(1280, 960) _display_offset=(200, 200)
[DIAG _apply_proc_zoom] proc_zoom=0.306997763747417 display_scale=0.306997763747417 virt_size=(793, 695) img_base_size=(1280, 960) _display_offset=(200, 200)
[DIAG _on_patch_ready] req=49 left_label=0 top_label=59 phys_img=(393, 295) logical_img=(393, 295) ds=(1.0, 1.0, 1.0) patch_shape=(489, 1163, 3)
[DIAG _on_patch_ready] draw_pos_pm=(0, 59) phys_tgt=(1163, 489)
[DIAG _apply_proc_zoom] proc_zoom=0.2762979873726753 display_scale=0.2762979873726753 virt_size=(754, 665) img_base_size=(1280, 960) _display_offset=(200, 200)
[DIAG _apply_proc_zoom] proc_zoom=0.24866818863540777 display_scale=0.24866818863540777 virt_size=(718, 639) img_base_size=(1280, 960) _display_offset=(200, 200)
[DIAG _on_patch_ready] req=51 left_label=0 top_label=37 phys_img=(318, 239) logical_img=(318, 239) ds=(1.0, 1.0, 1.0) patch_shape=(489, 1163, 3)
[DIAG _on_patch_ready] draw_pos_pm=(0, 37) phys_tgt=(1163, 489)
[DIAG _apply_proc_zoom] proc_zoom=0.223801369771867 display_scale=0.223801369771867 virt_size=(686, 615) img_base_size=(1280, 960) _display_offset=(200, 200)
[DIAG _apply_proc_zoom] proc_zoom=0.2014212327946803 display_scale=0.2014212327946803 virt_size=(658, 593) img_base_size=(1280, 960) _display_offset=(200, 200)
[DIAG _on_patch_ready] req=53 left_label=0 top_label=27 phys_img=(258, 193) logical_img=(258, 193) ds=(1.0, 1.0, 1.0) patch_shape=(489, 1163, 3)
[DIAG _on_patch_ready] draw_pos_pm=(0, 27) phys_tgt=(1163, 489)
[DIAG _apply_proc_zoom] proc_zoom=0.18127910951521228 display_scale=0.18127910951521228 virt_size=(632, 574) img_base_size=(1280, 960) _display_offset=(200, 200)
[DIAG _apply_proc_zoom] proc_zoom=0.16315119856369106 display_scale=0.16315119856369106 virt_size=(609, 557) img_base_size=(1280, 960) _display_offset=(200, 200)
[DIAG _on_patch_ready] req=55 left_label=0 top_label=27 phys_img=(209, 157) logical_img=(209, 157) ds=(1.0, 1.0, 1.0) patch_shape=(489, 1163, 3)
[DIAG _on_patch_ready] draw_pos_pm=(0, 27) phys_tgt=(1163, 489)
[DIAG _apply_proc_zoom] proc_zoom=0.14683607870732196 display_scale=0.14683607870732196 virt_size=(588, 541) img_base_size=(1280, 960) _display_offset=(200, 200)
[DIAG _apply_proc_zoom] proc_zoom=0.13215247083658976 display_scale=0.13215247083658976 virt_size=(569, 527) img_base_size=(1280, 960) _display_offset=(200, 200)
[DIAG _on_patch_ready] req=57 left_label=0 top_label=27 phys_img=(169, 127) logical_img=(169, 127) ds=(1.0, 1.0, 1.0) patch_shape=(489, 1163, 3)
[DIAG _on_patch_ready] draw_pos_pm=(0, 27) phys_tgt=(1163, 489)
[DIAG _apply_proc_zoom] proc_zoom=0.1189372237529308 display_scale=0.1189372237529308 virt_size=(552, 514) img_base_size=(1280, 960) _display_offset=(200, 200)
[DIAG _apply_proc_zoom] proc_zoom=0.10704350137763771 display_scale=0.10704350137763771 virt_size=(537, 503) img_base_size=(1280, 960) _display_offset=(200, 200)
[DIAG _on_patch_ready] req=59 left_label=0 top_label=14 phys_img=(137, 103) logical_img=(137, 103) ds=(1.0, 1.0, 1.0) patch_shape=(489, 1163, 3)
[DIAG _on_patch_ready] draw_pos_pm=(0, 14) phys_tgt=(1163, 489)
[DIAG _apply_proc_zoom] proc_zoom=0.09633915123987394 display_scale=0.09633915123987394 virt_size=(523, 492) img_base_size=(1280, 960) _display_offset=(200, 200)
[DIAG _apply_proc_zoom] proc_zoom=0.08670523611588654 display_scale=0.08670523611588654 virt_size=(511, 483) img_base_size=(1280, 960) _display_offset=(200, 200)
[DIAG _on_patch_ready] req=61 left_label=0 top_label=0 phys_img=(111, 83) logical_img=(111, 83) ds=(1.0, 1.0, 1.0) patch_shape=(489, 1163, 3)
[DIAG _on_patch_ready] draw_pos_pm=(0, 0) phys_tgt=(1180, 489)
[DIAG _apply_proc_zoom] proc_zoom=0.07803471250429789 display_scale=0.07803471250429789 virt_size=(500, 475) img_base_size=(1280, 960) _display_offset=(200, 200)
[DIAG _on_patch_ready] req=62 left_label=0 top_label=0 phys_img=(100, 75) logical_img=(100, 75) ds=(1.0, 1.0, 1.0) patch_shape=(489, 1180, 3)
[DIAG _on_patch_ready] draw_pos_pm=(0, 0) phys_tgt=(1180, 489)
[DIAG _apply_proc_zoom] proc_zoom=0.0702312412538681 display_scale=0.0702312412538681 virt_size=(490, 467) img_base_size=(1280, 960) _display_offset=(200, 200)
[DIAG _on_patch_ready] req=63 left_label=0 top_label=0 phys_img=(90, 67) logical_img=(90, 67) ds=(1.0, 1.0, 1.0) patch_shape=(489, 1180, 3)
[DIAG _on_patch_ready] draw_pos_pm=(0, 0) phys_tgt=(1180, 489)
[DIAG _apply_proc_zoom] proc_zoom=0.0632081171284813 display_scale=0.0632081171284813 virt_size=(481, 461) img_base_size=(1280, 960) _display_offset=(200, 200)
[DIAG _on_patch_ready] req=64 left_label=0 top_label=0 phys_img=(81, 61) logical_img=(81, 61) ds=(1.0, 1.0, 1.0) patch_shape=(489, 1180, 3)
[DIAG _on_patch_ready] draw_pos_pm=(0, 0) phys_tgt=(1180, 489)
[DIAG _apply_proc_zoom] proc_zoom=0.05688730541563317 display_scale=0.05688730541563317 virt_size=(473, 455) img_base_size=(1280, 960) _display_offset=(200, 200)
[DIAG _on_patch_ready] req=65 left_label=0 top_label=0 phys_img=(73, 55) logical_img=(73, 55) ds=(1.0, 1.0, 1.0) patch_shape=(489, 1180, 3)
[DIAG _on_patch_ready] draw_pos_pm=(0, 0) phys_tgt=(1180, 489)
[DIAG _apply_proc_zoom] proc_zoom=0.051198574874069855 display_scale=0.051198574874069855 virt_size=(466, 449) img_base_size=(1280, 960) _display_offset=(200, 200)
[DIAG _on_patch_ready] req=66 left_label=0 top_label=0 phys_img=(66, 49) logical_img=(66, 49) ds=(1.0, 1.0, 1.0) patch_shape=(489, 1180, 3)
[DIAG _on_patch_ready] draw_pos_pm=(0, 0) phys_tgt=(1180, 489)
[DIAG _apply_proc_zoom] proc_zoom=0.046078717386662874 display_scale=0.046078717386662874 virt_size=(459, 444) img_base_size=(1280, 960) _display_offset=(200, 200)
[DIAG _on_patch_ready] req=67 left_label=0 top_label=0 phys_img=(59, 44) logical_img=(59, 44) ds=(1.0, 1.0, 1.0) patch_shape=(489, 1180, 3)
[DIAG _on_patch_ready] draw_pos_pm=(0, 0) phys_tgt=(1180, 489)
[DIAG _apply_proc_zoom] proc_zoom=0.041470845647996586 display_scale=0.041470845647996586 virt_size=(453, 440) img_base_size=(1280, 960) _display_offset=(200, 200)
[DIAG _on_patch_ready] req=68 left_label=0 top_label=0 phys_img=(53, 40) logical_img=(53, 40) ds=(1.0, 1.0, 1.0) patch_shape=(489, 1180, 3)
[DIAG _on_patch_ready] draw_pos_pm=(0, 0) phys_tgt=(1180, 489)
[DIAG _apply_proc_zoom] proc_zoom=0.037323761083196925 display_scale=0.037323761083196925 virt_size=(448, 436) img_base_size=(1280, 960) _display_offset=(200, 200)
[DIAG _on_patch_ready] req=69 left_label=0 top_label=0 phys_img=(48, 36) logical_img=(48, 36) ds=(1.0, 1.0, 1.0) patch_shape=(489, 1180, 3)
[DIAG _on_patch_ready] draw_pos_pm=(0, 0) phys_tgt=(1180, 489)
[DIAG _apply_proc_zoom] proc_zoom=0.033591384974877236 display_scale=0.033591384974877236 virt_size=(443, 432) img_base_size=(1280, 960) _display_offset=(200, 200)
[DIAG _on_patch_ready] req=70 left_label=0 top_label=0 phys_img=(43, 32) logical_img=(43, 32) ds=(1.0, 1.0, 1.0) patch_shape=(489, 1180, 3)
[DIAG _on_patch_ready] draw_pos_pm=(0, 0) phys_tgt=(1180, 489)
